# JRE version: OpenJDK Runtime Environment (17.0.12+10) (build 17.0.12+10-LTS)
# Java VM: OpenJDK 64-Bit Server VM (17.0.12+10-LTS, mixed mode, sharing, tiered, compressed oops, compressed class ptrs, g1 gc, windows-amd64)
GC Precious Log:
 CPUs: 16 total, 16 available
 Memory: 15610M
 Large Page Support: Disabled
 NUMA Support: Disabled
 Compressed Oops: Enabled (Zero based)
 Heap Region Size: 2M
 Heap Min Capacity: 8M
 Heap Initial Capacity: 244M
 Heap Max Capacity: 3904M
 Pre-touch: Disabled
 Parallel Workers: 13
 Concurrent Workers: 3
 Concurrent Refinement Workers: 13
 Periodic GC: Disabled
Heap:
 garbage-first heap   total 249856K, used 145558K [0x000000070c000000, 0x0000000800000000)
  region size 2048K, 70 young (143360K), 2 survivors (4096K)
 Metaspace       used 17431K, committed 17664K, reserved 1114112K
  class space    used 1966K, committed 2048K, reserved 1048576K
GC Heap History (20 events):
Event: 230.473 GC heap before
{Heap before GC invocations=6 (full 0):
 garbage-first heap   total 249856K, used 151616K [0x000000070c000000, 0x0000000800000000)
  region size 2048K, 73 young (149504K), 2 survivors (4096K)
 Metaspace       used 16889K, committed 17152K, reserved 1114112K
  class space    used 1916K, committed 2048K, reserved 1048576K
}
Event: 230.474 GC heap after
{Heap after GC invocations=7 (full 0):
 garbage-first heap   total 249856K, used 8313K [0x000000070c000000, 0x0000000800000000)
  region size 2048K, 2 young (4096K), 2 survivors (4096K)
 Metaspace       used 16889K, committed 17152K, reserved 1114112K
  class space    used 1916K, committed 2048K, reserved 1048576K
}
Event: 281.739 GC heap before
{Heap before GC invocations=7 (full 0):
 garbage-first heap   total 249856K, used 151673K [0x000000070c000000, 0x0000000800000000)
  region size 2048K, 73 young (149504K), 2 survivors (4096K)
 Metaspace       used 16951K, committed 17216K, reserved 1114112K
  class space    used 1917K, committed 2048K, reserved 1048576K
}
Event: 281.741 GC heap after
{Heap after GC invocations=8 (full 0):
 garbage-first heap   total 249856K, used 8278K [0x000000070c000000, 0x0000000800000000)
  region size 2048K, 2 young (4096K), 2 survivors (4096K)
 Metaspace       used 16951K, committed 17216K, reserved 1114112K
  class space    used 1917K, committed 2048K, reserved 1048576K
}
Event: 333.113 GC heap before
{Heap before GC invocations=8 (full 0):
 garbage-first heap   total 249856K, used 151638K [0x000000070c000000, 0x0000000800000000)
  region size 2048K, 73 young (149504K), 2 survivors (4096K)
 Metaspace       used 16962K, committed 17280K, reserved 1114112K
  class space    used 1917K, committed 2048K, reserved 1048576K
}
Event: 333.114 GC heap after
{Heap after GC invocations=9 (full 0):
 garbage-first heap   total 249856K, used 8207K [0x000000070c000000, 0x0000000800000000)
  region size 2048K, 2 young (4096K), 2 survivors (4096K)
 Metaspace       used 16962K, committed 17280K, reserved 1114112K
  class space    used 1917K, committed 2048K, reserved 1048576K
}
Event: 384.203 GC heap before
{Heap before GC invocations=9 (full 0):
 garbage-first heap   total 249856K, used 151567K [0x000000070c000000, 0x0000000800000000)
  region size 2048K, 73 young (149504K), 2 survivors (4096K)
 Metaspace       used 16975K, committed 17280K, reserved 1114112K
  class space    used 1917K, committed 2048K, reserved 1048576K
}
Event: 384.205 GC heap after
{Heap after GC invocations=10 (full 0):
 garbage-first heap   total 249856K, used 8180K [0x000000070c000000, 0x0000000800000000)
  region size 2048K, 2 young (4096K), 2 survivors (4096K)
 Metaspace       used 16975K, committed 17280K, reserved 1114112K
  class space    used 1917K, committed 2048K, reserved 1048576K
}
Event: 435.579 GC heap before
{Heap before GC invocations=10 (full 0):
 garbage-first heap   total 249856K, used 151540K [0x000000070c000000, 0x0000000800000000)
  region size 2048K, 73 young (149504K), 2 survivors (4096K)
 Metaspace       used 17006K, committed 17280K, reserved 1114112K
  class space    used 1917K, committed 2048K, reserved 1048576K
}
Event: 435.581 GC heap after
{Heap after GC invocations=11 (full 0):
 garbage-first heap   total 249856K, used 8287K [0x000000070c000000, 0x0000000800000000)
  region size 2048K, 2 young (4096K), 2 survivors (4096K)
 Metaspace       used 17006K, committed 17280K, reserved 1114112K
  class space    used 1917K, committed 2048K, reserved 1048576K
}
Event: 487.147 GC heap before
{Heap before GC invocations=11 (full 0):
 garbage-first heap   total 249856K, used 151647K [0x000000070c000000, 0x0000000800000000)
  region size 2048K, 73 young (149504K), 2 survivors (4096K)
 Metaspace       used 17013K, committed 17280K, reserved 1114112K
  class space    used 1917K, committed 2048K, reserved 1048576K
}
Event: 487.149 GC heap after
{Heap after GC invocations=12 (full 0):
 garbage-first heap   total 249856K, used 8293K [0x000000070c000000, 0x0000000800000000)
  region size 2048K, 2 young (4096K), 2 survivors (4096K)
 Metaspace       used 17013K, committed 17280K, reserved 1114112K
  class space    used 1917K, committed 2048K, reserved 1048576K
}
Event: 538.617 GC heap before
{Heap before GC invocations=12 (full 0):
 garbage-first heap   total 249856K, used 151653K [0x000000070c000000, 0x0000000800000000)
  region size 2048K, 73 young (149504K), 2 survivors (4096K)
 Metaspace       used 17059K, committed 17344K, reserved 1114112K
  class space    used 1918K, committed 2048K, reserved 1048576K
}
Event: 538.619 GC heap after
{Heap after GC invocations=13 (full 0):
 garbage-first heap   total 249856K, used 8381K [0x000000070c000000, 0x0000000800000000)
  region size 2048K, 2 young (4096K), 2 survivors (4096K)
 Metaspace       used 17059K, committed 17344K, reserved 1114112K
  class space    used 1918K, committed 2048K, reserved 1048576K
}
Event: 590.299 GC heap before
{Heap before GC invocations=13 (full 0):
 garbage-first heap   total 249856K, used 151741K [0x000000070c000000, 0x0000000800000000)
  region size 2048K, 73 young (149504K), 2 survivors (4096K)
 Metaspace       used 17059K, committed 17344K, reserved 1114112K
  class space    used 1918K, committed 2048K, reserved 1048576K
}
Event: 590.302 GC heap after
{Heap after GC invocations=14 (full 0):
 garbage-first heap   total 249856K, used 8394K [0x000000070c000000, 0x0000000800000000)
  region size 2048K, 2 young (4096K), 2 survivors (4096K)
 Metaspace       used 17059K, committed 17344K, reserved 1114112K
  class space    used 1918K, committed 2048K, reserved 1048576K
}
Event: 641.977 GC heap before
{Heap before GC invocations=14 (full 0):
 garbage-first heap   total 249856K, used 151754K [0x000000070c000000, 0x0000000800000000)
  region size 2048K, 73 young (149504K), 2 survivors (4096K)
 Metaspace       used 17067K, committed 17344K, reserved 1114112K
  class space    used 1918K, committed 2048K, reserved 1048576K
}
Event: 641.978 GC heap after
{Heap after GC invocations=15 (full 0):
 garbage-first heap   total 249856K, used 8331K [0x000000070c000000, 0x0000000800000000)
  region size 2048K, 2 young (4096K), 2 survivors (4096K)
 Metaspace       used 17067K, committed 17344K, reserved 1114112K
  class space    used 1918K, committed 2048K, reserved 1048576K
}
Event: 689.849 GC heap before
{Heap before GC invocations=15 (full 0):
 garbage-first heap   total 249856K, used 151691K [0x000000070c000000, 0x0000000800000000)
  region size 2048K, 73 young (149504K), 2 survivors (4096K)
 Metaspace       used 17093K, committed 17344K, reserved 1114112K
  class space    used 1918K, committed 2048K, reserved 1048576K
}
Event: 689.851 GC heap after
{Heap after GC invocations=16 (full 0):
 garbage-first heap   total 249856K, used 8342K [0x000000070c000000, 0x0000000800000000)
  region size 2048K, 2 young (4096K), 2 survivors (4096K)
 Metaspace       used 17093K, committed 17344K, reserved 1114112K
  class space    used 1918K, committed 2048K, reserved 1048576K
}

